生成启动时间为 2011/7/25 14:24:19。
     1>项目“E:\Java_projects\LogicAnalyzer\USBDll\USBDll.vcxproj”在节点 3 上(build 个目标)。
     1>InitializeBuildStatus:
         正在创建“Debug\USBDll.unsuccessfulbuild”，因为已指定“AlwaysCreate”。
       ClCompile:
         所有输出均为最新。
         C:\Program Files\Microsoft Visual Studio 10.0\VC\bin\CL.exe /c /ZI /nologo /W3 /WX- /Od /Oy- /D WIN32 /D _DEBUG /D _WINDOWS /D _USRDLL /D USBDLL_EXPORTS /D _WINDLL /D _UNICODE /D UNICODE /Gm /EHsc /RTC1 /MDd /GS /fp:precise /Zc:wchar_t /Zc:forScope /Fo"Debug\\" /Fd"Debug\vc100.pdb" /Gd /TP /analyze- /errorReport:prompt dllmain.cpp
         dllmain.cpp
     1>e:\java_projects\logicanalyzer\usbdll\dllmain.cpp(98): warning C4244: “=”: 从“jint”转换到“jbyte”，可能丢失数据
         所有输出均为最新。
       ManifestResourceCompile:
         所有输出均为最新。
       Link:
         C:\Program Files\Microsoft Visual Studio 10.0\VC\bin\link.exe /ERRORREPORT:PROMPT /OUT:"E:\Java_projects\LogicAnalyzer\USBPort\Debug\USBDll.dll" /INCREMENTAL /NOLOGO kernel32.lib user32.lib gdi32.lib winspool.lib comdlg32.lib advapi32.lib shell32.lib ole32.lib oleaut32.lib uuid.lib odbc32.lib odbccp32.lib /MANIFEST /ManifestFile:"Debug\USBDll.dll.intermediate.manifest" /MANIFESTUAC:"level='asInvoker' uiAccess='false'" /DEBUG /PDB:"E:\Java_projects\LogicAnalyzer\USBPort\Debug\USBDll.pdb" /SUBSYSTEM:WINDOWS /TLBID:1 /DYNAMICBASE /NXCOMPAT /IMPLIB:"E:\Java_projects\LogicAnalyzer\USBPort\Debug\USBDll.lib" /MACHINE:X86 /DLL Debug\USBDll.dll.embed.manifest.res
         Debug\dllmain.obj
         Debug\stdafx.obj
         Debug\USBDll.obj
         Debug\usb_operation.obj
         libusb.lib
       Manifest:
         C:\Program Files\Microsoft SDKs\Windows\v7.0A\bin\mt.exe /nologo /verbose /out:"Debug\USBDll.dll.embed.manifest" /manifest Debug\USBDll.dll.intermediate.manifest
         所有输出均为最新。
       LinkEmbedManifest:
         所有输出均为最新。
         USBDll.vcxproj -> E:\Java_projects\LogicAnalyzer\USBPort\Debug\USBDll.dll
       FinalizeBuildStatus:
         正在删除文件“Debug\USBDll.unsuccessfulbuild”。
         正在对“Debug\USBDll.lastbuildstate”执行 Touch 任务。
     1>已完成生成项目“E:\Java_projects\LogicAnalyzer\USBDll\USBDll.vcxproj”(build 个目标)的操作。

生成成功。

已用时间 00:00:04.38
