E:\Java_projects\LogicAnalyzer\USBDll\Debug\cl.command.1.tlog
E:\Java_projects\LogicAnalyzer\USBDll\Debug\CL.read.1.tlog
E:\Java_projects\LogicAnalyzer\USBDll\Debug\CL.write.1.tlog
E:\JAVA_PROJECTS\LOGICANALYZER\USBDLL\DEBUG\DLLMAIN.OBJ
E:\Java_projects\LogicAnalyzer\USBDll\Debug\link.4344.read.1.tlog
E:\Java_projects\LogicAnalyzer\USBDll\Debug\link.4344.write.1.tlog
E:\Java_projects\LogicAnalyzer\USBDll\Debug\link.4344-cvtres.read.1.tlog
E:\Java_projects\LogicAnalyzer\USBDll\Debug\link.4344-cvtres.write.1.tlog
E:\Java_projects\LogicAnalyzer\USBDll\Debug\link.6292.read.1.tlog
E:\Java_projects\LogicAnalyzer\USBDll\Debug\link.6292.write.1.tlog
E:\Java_projects\LogicAnalyzer\USBDll\Debug\link.6292-cvtres.read.1.tlog
E:\Java_projects\LogicAnalyzer\USBDll\Debug\link.6292-cvtres.write.1.tlog
E:\Java_projects\LogicAnalyzer\USBDll\Debug\link.command.1.tlog
E:\Java_projects\LogicAnalyzer\USBDll\Debug\link.read.1.tlog
E:\Java_projects\LogicAnalyzer\USBDll\Debug\link.write.1.tlog
E:\Java_projects\LogicAnalyzer\USBDll\Debug\link-cvtres.read.1.tlog
E:\Java_projects\LogicAnalyzer\USBDll\Debug\link-cvtres.write.1.tlog
E:\Java_projects\LogicAnalyzer\USBDll\Debug\mt.command.1.tlog
E:\Java_projects\LogicAnalyzer\USBDll\Debug\mt.read.1.tlog
E:\Java_projects\LogicAnalyzer\USBDll\Debug\mt.write.1.tlog
E:\Java_projects\LogicAnalyzer\USBDll\Debug\rc.command.1.tlog
E:\Java_projects\LogicAnalyzer\USBDll\Debug\rc.read.1.tlog
E:\Java_projects\LogicAnalyzer\USBDll\Debug\rc.write.1.tlog
E:\JAVA_PROJECTS\LOGICANALYZER\USBDLL\DEBUG\STDAFX.OBJ
E:\JAVA_PROJECTS\LOGICANALYZER\USBDLL\DEBUG\USB_OPERATION.OBJ
E:\JAVA_PROJECTS\LOGICANALYZER\USBDLL\DEBUG\USBDLL.DLL.EMBED.MANIFEST
E:\JAVA_PROJECTS\LOGICANALYZER\USBDLL\DEBUG\USBDLL.DLL.EMBED.MANIFEST.RES
E:\JAVA_PROJECTS\LOGICANALYZER\USBDLL\DEBUG\USBDLL.DLL.INTERMEDIATE.MANIFEST
E:\JAVA_PROJECTS\LOGICANALYZER\USBDLL\DEBUG\USBDLL.OBJ
E:\JAVA_PROJECTS\LOGICANALYZER\USBDLL\DEBUG\USBDLL.PCH
E:\Java_projects\LogicAnalyzer\USBDll\Debug\USBDll.write.1.tlog
E:\Java_projects\LogicAnalyzer\USBDll\Debug\USBDll_manifest.rc
E:\Java_projects\LogicAnalyzer\USBDll\Debug\vc100.idb
E:\JAVA_PROJECTS\LOGICANALYZER\USBDLL\DEBUG\VC100.PDB
E:\JAVA_PROJECTS\LOGICANALYZER\USBPORT\DEBUG\USBDLL.DLL
E:\Java_projects\LogicAnalyzer\USBPort\Debug\USBDll.exp
E:\JAVA_PROJECTS\LOGICANALYZER\USBPORT\DEBUG\USBDLL.ILK
E:\Java_projects\LogicAnalyzer\USBPort\Debug\USBDll.lib
E:\JAVA_PROJECTS\LOGICANALYZER\USBPORT\DEBUG\USBDLL.PDB
