E:\JAVA_PROJECTS\LOGICANALYZER\USBPORT\AVRBOOTLOADER\DEBUG\AVRBOOTLOADER.EXE.EMBED.MANIFEST
E:\JAVA_PROJECTS\LOGICANALYZER\USBPORT\AVRBOOTLOADER\DEBUG\AVRBOOTLOADER.EXE.EMBED.MANIFEST.RES
E:\JAVA_PROJECTS\LOGICANALYZER\USBPORT\AVRBOOTLOADER\DEBUG\AVRBOOTLOADER.EXE.INTERMEDIATE.MANIFEST
E:\Java_projects\LogicAnalyzer\USBPort\avrbootloader\Debug\avrbootloader_manifest.rc
E:\Java_projects\LogicAnalyzer\USBPort\avrbootloader\Debug\cl.command.1.tlog
E:\Java_projects\LogicAnalyzer\USBPort\avrbootloader\Debug\CL.read.1.tlog
E:\Java_projects\LogicAnalyzer\USBPort\avrbootloader\Debug\CL.write.1.tlog
E:\Java_projects\LogicAnalyzer\USBPort\avrbootloader\Debug\link.command.1.tlog
E:\Java_projects\LogicAnalyzer\USBPort\avrbootloader\Debug\link.read.1.tlog
E:\Java_projects\LogicAnalyzer\USBPort\avrbootloader\Debug\link.write.1.tlog
E:\Java_projects\LogicAnalyzer\USBPort\avrbootloader\Debug\link-cvtres.read.1.tlog
E:\Java_projects\LogicAnalyzer\USBPort\avrbootloader\Debug\link-cvtres.write.1.tlog
E:\JAVA_PROJECTS\LOGICANALYZER\USBPORT\AVRBOOTLOADER\DEBUG\MAIN.OBJ
E:\Java_projects\LogicAnalyzer\USBPort\avrbootloader\Debug\mt.command.1.tlog
E:\Java_projects\LogicAnalyzer\USBPort\avrbootloader\Debug\mt.read.1.tlog
E:\Java_projects\LogicAnalyzer\USBPort\avrbootloader\Debug\mt.write.1.tlog
E:\Java_projects\LogicAnalyzer\USBPort\avrbootloader\Debug\rc.command.1.tlog
E:\Java_projects\LogicAnalyzer\USBPort\avrbootloader\Debug\rc.read.1.tlog
E:\Java_projects\LogicAnalyzer\USBPort\avrbootloader\Debug\rc.write.1.tlog
E:\Java_projects\LogicAnalyzer\USBPort\avrbootloader\Debug\vc100.idb
E:\JAVA_PROJECTS\LOGICANALYZER\USBPORT\AVRBOOTLOADER\DEBUG\VC100.PDB
E:\JAVA_PROJECTS\LOGICANALYZER\USBPORT\DEBUG\AVRBOOTLOADER.EXE
E:\JAVA_PROJECTS\LOGICANALYZER\USBPORT\DEBUG\AVRBOOTLOADER.ILK
E:\JAVA_PROJECTS\LOGICANALYZER\USBPORT\DEBUG\AVRBOOTLOADER.PDB
